c:\users\anixi\source\repos\cpp_addin\debug\cppcomaddin.pch
c:\users\anixi\source\repos\cpp_addin\debug\vc141.pdb
c:\users\anixi\source\repos\cpp_addin\debug\vc141.idb
c:\users\anixi\source\repos\cpp_addin\debug\stdafx.obj
c:\users\anixi\source\repos\cpp_addin\debug\cppcomaddin.obj
c:\users\anixi\source\repos\cpp_addin\debug\addinconnect.obj
c:\users\anixi\source\repos\cpp_addin\debug\cppcomaddin_i.obj
c:\users\anixi\source\repos\cpp_addin\debug\dllmain.obj
c:\users\anixi\source\repos\cpp_addin\debug\cppcomaddin.lib
c:\users\anixi\source\repos\cpp_addin\debug\cppcomaddin.exp
c:\users\anixi\source\repos\cpp_addin\debug\cppcomaddin.ilk
c:\users\anixi\source\repos\cpp_addin\debug\cppcomaddin.dll
c:\users\anixi\source\repos\cpp_addin\debug\cppcomaddin.pdb
c:\users\anixi\source\repos\cpp_addin\debug\cppcomaddin.tlb
c:\users\anixi\source\repos\cpp_addin\cppcomaddin_p.c
c:\users\anixi\source\repos\cpp_addin\cppcomaddin_i.c
c:\users\anixi\source\repos\cpp_addin\cppcomaddin_i.h
c:\users\anixi\source\repos\cpp_addin\debug\cppcomaddin.res
c:\users\anixi\source\repos\cpp_addin\debug\cppcomaddinps.ilk
c:\users\anixi\source\repos\cpp_addin\debug\msaddndr.tlh
c:\users\anixi\source\repos\cpp_addin\debug\mso.tlh
c:\users\anixi\source\repos\cpp_addin\debug\msoutl.tlh
c:\users\anixi\source\repos\cpp_addin\debug\cppcomaddinps.exp
c:\users\anixi\source\repos\cpp_addin\debug\cppcomaddinps.pdb
c:\users\anixi\source\repos\cpp_addin\debug\cppcomaddin.tlog\cl.command.1.tlog
c:\users\anixi\source\repos\cpp_addin\debug\cppcomaddin.tlog\cl.read.1.tlog
c:\users\anixi\source\repos\cpp_addin\debug\cppcomaddin.tlog\cl.write.1.tlog
c:\users\anixi\source\repos\cpp_addin\debug\cppcomaddin.tlog\cppcomaddin.write.1u.tlog
c:\users\anixi\source\repos\cpp_addin\debug\cppcomaddin.tlog\link.command.1.tlog
c:\users\anixi\source\repos\cpp_addin\debug\cppcomaddin.tlog\link.read.1.tlog
c:\users\anixi\source\repos\cpp_addin\debug\cppcomaddin.tlog\link.write.1.tlog
c:\users\anixi\source\repos\cpp_addin\debug\cppcomaddin.tlog\midl.command.1.tlog
c:\users\anixi\source\repos\cpp_addin\debug\cppcomaddin.tlog\midl.read.1.tlog
c:\users\anixi\source\repos\cpp_addin\debug\cppcomaddin.tlog\midl.write.1.tlog
c:\users\anixi\source\repos\cpp_addin\debug\cppcomaddin.tlog\rc.command.1.tlog
c:\users\anixi\source\repos\cpp_addin\debug\cppcomaddin.tlog\rc.read.1.tlog
c:\users\anixi\source\repos\cpp_addin\debug\cppcomaddin.tlog\rc.write.1.tlog
