c:\users\catagh\desktop\nativecomaddin\nativecomaddin\cpp_addin\x64\debug\cpp_addin.pch
c:\users\catagh\desktop\nativecomaddin\nativecomaddin\cpp_addin\x64\debug\vc141.pdb
c:\users\catagh\desktop\nativecomaddin\nativecomaddin\cpp_addin\x64\debug\vc141.idb
c:\users\catagh\desktop\nativecomaddin\nativecomaddin\cpp_addin\x64\debug\connect.obj
c:\users\catagh\desktop\nativecomaddin\nativecomaddin\cpp_addin\x64\debug\cpp_addin.obj
c:\users\catagh\desktop\nativecomaddin\nativecomaddin\cpp_addin\x64\debug\stdafx.obj
c:\users\catagh\desktop\nativecomaddin\nativecomaddin\cpp_addin\x64\debug\itemwrapper.obj
c:\users\catagh\desktop\nativecomaddin\nativecomaddin\cpp_addin\x64\debug\dllmain.obj
c:\users\catagh\desktop\nativecomaddin\nativecomaddin\cpp_addin\x64\debug\cpp_addin_i.obj
c:\users\catagh\desktop\nativecomaddin\nativecomaddin\x64\debug\cpp_addin.lib
c:\users\catagh\desktop\nativecomaddin\nativecomaddin\x64\debug\cpp_addin.exp
c:\users\catagh\desktop\nativecomaddin\nativecomaddin\x64\debug\cpp_addin.ilk
c:\users\catagh\desktop\nativecomaddin\nativecomaddin\x64\debug\cpp_addin.dll
c:\users\catagh\desktop\nativecomaddin\nativecomaddin\x64\debug\cpp_addin.pdb
c:\users\catagh\desktop\nativecomaddin\nativecomaddin\cpp_addin\x64\debug\cpp_addin.tlb
c:\users\catagh\desktop\nativecomaddin\nativecomaddin\cpp_addin\cpp_addin_p.c
c:\users\catagh\desktop\nativecomaddin\nativecomaddin\cpp_addin\cpp_addin_i.c
c:\users\catagh\desktop\nativecomaddin\nativecomaddin\cpp_addin\cpp_addin_i.h
c:\users\catagh\desktop\nativecomaddin\nativecomaddin\cpp_addin\x64\debug\cpp_addin.res
c:\users\catagh\desktop\nativecomaddin\nativecomaddin\cpp_addin\x64\debug\msaddndr.tlh
c:\users\catagh\desktop\nativecomaddin\nativecomaddin\cpp_addin\x64\debug\mso.tlh
c:\users\catagh\desktop\nativecomaddin\nativecomaddin\cpp_addin\x64\debug\msoutl.tlh
c:\users\catagh\desktop\nativecomaddin\nativecomaddin\cpp_addin\x64\debug\cpp_addin.tlog\cl.command.1.tlog
c:\users\catagh\desktop\nativecomaddin\nativecomaddin\cpp_addin\x64\debug\cpp_addin.tlog\cl.read.1.tlog
c:\users\catagh\desktop\nativecomaddin\nativecomaddin\cpp_addin\x64\debug\cpp_addin.tlog\cl.write.1.tlog
c:\users\catagh\desktop\nativecomaddin\nativecomaddin\cpp_addin\x64\debug\cpp_addin.tlog\cpp_addin.write.1u.tlog
c:\users\catagh\desktop\nativecomaddin\nativecomaddin\cpp_addin\x64\debug\cpp_addin.tlog\link.command.1.tlog
c:\users\catagh\desktop\nativecomaddin\nativecomaddin\cpp_addin\x64\debug\cpp_addin.tlog\link.read.1.tlog
c:\users\catagh\desktop\nativecomaddin\nativecomaddin\cpp_addin\x64\debug\cpp_addin.tlog\link.write.1.tlog
c:\users\catagh\desktop\nativecomaddin\nativecomaddin\cpp_addin\x64\debug\cpp_addin.tlog\midl.command.1.tlog
c:\users\catagh\desktop\nativecomaddin\nativecomaddin\cpp_addin\x64\debug\cpp_addin.tlog\midl.read.1.tlog
c:\users\catagh\desktop\nativecomaddin\nativecomaddin\cpp_addin\x64\debug\cpp_addin.tlog\midl.write.1.tlog
c:\users\catagh\desktop\nativecomaddin\nativecomaddin\cpp_addin\x64\debug\cpp_addin.tlog\rc.command.1.tlog
c:\users\catagh\desktop\nativecomaddin\nativecomaddin\cpp_addin\x64\debug\cpp_addin.tlog\rc.read.1.tlog
c:\users\catagh\desktop\nativecomaddin\nativecomaddin\cpp_addin\x64\debug\cpp_addin.tlog\rc.write.1.tlog
