c:\users\anixi\documents\github\cpp_addin\cpp_addin\release\cpp_addin.pch
c:\users\anixi\documents\github\cpp_addin\cpp_addin\release\vc141.pdb
c:\users\anixi\documents\github\cpp_addin\cpp_addin\release\connect.obj
c:\users\anixi\documents\github\cpp_addin\cpp_addin\release\cpp_addin.obj
c:\users\anixi\documents\github\cpp_addin\cpp_addin\release\stdafx.obj
c:\users\anixi\documents\github\cpp_addin\cpp_addin\release\itemwrapper.obj
c:\users\anixi\documents\github\cpp_addin\cpp_addin\release\viewhelper.obj
c:\users\anixi\documents\github\cpp_addin\cpp_addin\release\dllmain.obj
c:\users\anixi\documents\github\cpp_addin\cpp_addin\release\cpp_addin_i.obj
c:\users\anixi\documents\github\cpp_addin\release\win32\cpp_addin.lib
c:\users\anixi\documents\github\cpp_addin\release\win32\cpp_addin.exp
c:\users\anixi\documents\github\cpp_addin\release\win32\cpp_addin.ilk
c:\users\anixi\documents\github\cpp_addin\release\win32\cpp_addin.dll
c:\users\anixi\documents\github\cpp_addin\release\win32\cpp_addin.pdb
c:\users\anixi\documents\github\cpp_addin\cpp_addin\release\cpp_addin.tlb
c:\users\anixi\documents\github\cpp_addin\cpp_addin\cpp_addin_i.c
c:\users\anixi\documents\github\cpp_addin\cpp_addin\cpp_addin_i.h
c:\users\anixi\documents\github\cpp_addin\cpp_addin\release\cpp_addin.res
c:\users\anixi\documents\github\cpp_addin\cpp_addin\release\msaddndr.tlh
c:\users\anixi\documents\github\cpp_addin\cpp_addin\release\mso.tlh
c:\users\anixi\documents\github\cpp_addin\cpp_addin\release\msoutl.tlh
c:\users\anixi\documents\github\cpp_addin\cpp_addin\release\cpp_addin.tlog\cl.command.1.tlog
c:\users\anixi\documents\github\cpp_addin\cpp_addin\release\cpp_addin.tlog\cl.read.1.tlog
c:\users\anixi\documents\github\cpp_addin\cpp_addin\release\cpp_addin.tlog\cl.write.1.tlog
c:\users\anixi\documents\github\cpp_addin\cpp_addin\release\cpp_addin.tlog\cpp_addin.write.1u.tlog
c:\users\anixi\documents\github\cpp_addin\cpp_addin\release\cpp_addin.tlog\link.command.1.tlog
c:\users\anixi\documents\github\cpp_addin\cpp_addin\release\cpp_addin.tlog\link.read.1.tlog
c:\users\anixi\documents\github\cpp_addin\cpp_addin\release\cpp_addin.tlog\link.write.1.tlog
c:\users\anixi\documents\github\cpp_addin\cpp_addin\release\cpp_addin.tlog\midl.command.1.tlog
c:\users\anixi\documents\github\cpp_addin\cpp_addin\release\cpp_addin.tlog\midl.read.1.tlog
c:\users\anixi\documents\github\cpp_addin\cpp_addin\release\cpp_addin.tlog\midl.write.1.tlog
c:\users\anixi\documents\github\cpp_addin\cpp_addin\release\cpp_addin.tlog\rc.command.1.tlog
c:\users\anixi\documents\github\cpp_addin\cpp_addin\release\cpp_addin.tlog\rc.read.1.tlog
c:\users\anixi\documents\github\cpp_addin\cpp_addin\release\cpp_addin.tlog\rc.write.1.tlog
